1667990791430	geckodriver	INFO	Listening on 127.0.0.1:51745
1667990791807	mozrunner::runner	INFO	Running command: "/Applications/Firefox.app/Contents/MacOS/firefox-bin" "--marionette" "--remote-debugging-port" "51746" "--remote-allow-hosts" "localhost" "-foreground" "-no-remote" "-profile" "/var/folders/lw/y8n_n4dn2qb0bf_pwg48gwxr0000gn/T/rust_mozprofileXOUSUU"
2022-11-09 11:46:36.246 plugin-container[12771:1394043] nil host used in call to allowsSpecificHTTPSCertificateForHost
2022-11-09 11:46:36.263 plugin-container[12771:1394043] nil host used in call to allowsAnyHTTPSCertificateForHost:
2022-11-09 11:46:36.465 plugin-container[12771:1394043] nil host used in call to allowsSpecificHTTPSCertificateForHost
2022-11-09 11:46:36.465 plugin-container[12771:1394043] nil host used in call to allowsAnyHTTPSCertificateForHost:
2022-11-09 11:46:36.465 plugin-container[12771:1394080] nil host used in call to allowsSpecificHTTPSCertificateForHost
2022-11-09 11:46:36.465 plugin-container[12771:1394080] nil host used in call to allowsAnyHTTPSCertificateForHost:
WebDriver BiDi listening on ws://127.0.0.1:51746
DevTools listening on ws://127.0.0.1:51746/devtools/browser/acaa6515-6e8b-4d34-acab-48a5348b3165
1667990808811	geckodriver	INFO	Listening on 127.0.0.1:52234
1667990809318	mozrunner::runner	INFO	Running command: "/Applications/Firefox.app/Contents/MacOS/firefox-bin" "--marionette" "--remote-debugging-port" "52235" "--remote-allow-hosts" "localhost" "-foreground" "-no-remote" "-profile" "/var/folders/lw/y8n_n4dn2qb0bf_pwg48gwxr0000gn/T/rust_mozprofileNJlK6Q"
2022-11-09 11:46:49.861 plugin-container[12783:1394592] nil host used in call to allowsSpecificHTTPSCertificateForHost
2022-11-09 11:46:49.861 plugin-container[12783:1394592] nil host used in call to allowsAnyHTTPSCertificateForHost:
2022-11-09 11:46:49.865 plugin-container[12783:1394592] nil host used in call to allowsSpecificHTTPSCertificateForHost
2022-11-09 11:46:49.865 plugin-container[12783:1394592] nil host used in call to allowsAnyHTTPSCertificateForHost:
2022-11-09 11:46:49.865 plugin-container[12783:1394590] nil host used in call to allowsSpecificHTTPSCertificateForHost
2022-11-09 11:46:49.865 plugin-container[12783:1394590] nil host used in call to allowsAnyHTTPSCertificateForHost:
1667990809881	Marionette	INFO	Marionette enabled
1667990809917	Marionette	INFO	Listening on port 52299
Read port: 52299
WebDriver BiDi listening on ws://127.0.0.1:52235
1667990810147	RemoteAgent	WARN	TLS certificate errors will be ignored for this session
console.warn: SearchSettings: "get: No settings file exists, new profile?" (new NotFoundError("Could not open the file at /var/folders/lw/y8n_n4dn2qb0bf_pwg48gwxr0000gn/T/rust_mozprofileNJlK6Q/search.json.mozlz4", (void 0)))
DevTools listening on ws://127.0.0.1:52235/devtools/browser/de254258-d9c7-406d-8cd5-36d83e4a0cde
1667991112734	Marionette	INFO	Stopped listening on port 52299
1667991182774	geckodriver	INFO	Listening on 127.0.0.1:54756
1667991183285	mozrunner::runner	INFO	Running command: "/Applications/Firefox.app/Contents/MacOS/firefox-bin" "--marionette" "--remote-debugging-port" "54757" "--remote-allow-hosts" "localhost" "-foreground" "-no-remote" "-profile" "/var/folders/lw/y8n_n4dn2qb0bf_pwg48gwxr0000gn/T/rust_mozprofilejJMR9X"
2022-11-09 11:53:03.787 plugin-container[13196:1399847] nil host used in call to allowsSpecificHTTPSCertificateForHost
2022-11-09 11:53:03.787 plugin-container[13196:1399847] nil host used in call to allowsAnyHTTPSCertificateForHost:
2022-11-09 11:53:03.792 plugin-container[13196:1399847] nil host used in call to allowsSpecificHTTPSCertificateForHost
2022-11-09 11:53:03.792 plugin-container[13196:1399847] nil host used in call to allowsAnyHTTPSCertificateForHost:
2022-11-09 11:53:03.792 plugin-container[13196:1399852] nil host used in call to allowsSpecificHTTPSCertificateForHost
2022-11-09 11:53:03.792 plugin-container[13196:1399852] nil host used in call to allowsAnyHTTPSCertificateForHost:
1667991183806	Marionette	INFO	Marionette enabled
1667991183843	Marionette	INFO	Listening on port 54764
Read port: 54764
WebDriver BiDi listening on ws://127.0.0.1:54757
1667991184052	RemoteAgent	WARN	TLS certificate errors will be ignored for this session
console.warn: SearchSettings: "get: No settings file exists, new profile?" (new NotFoundError("Could not open the file at /var/folders/lw/y8n_n4dn2qb0bf_pwg48gwxr0000gn/T/rust_mozprofilejJMR9X/search.json.mozlz4", (void 0)))
DevTools listening on ws://127.0.0.1:54757/devtools/browser/f4dcea2d-43f7-4530-abd5-0d6a841ee2a9
console.warn: LoginRecipes: "Falling back to a synchronous message for: http://localhost:10007."
[GFX1-]: Receive IPC close with reason=AbnormalShutdown
Exiting due to channel error.
Exiting due to channel error.
Exiting due to channel error.
[2022-11-09T11:00:04Z ERROR viaduct::backend::ffi] Missing HTTP status
[2022-11-09T11:00:04Z ERROR viaduct::backend::ffi] Missing HTTP status
[2022-11-09T11:00:04Z ERROR viaduct::backend::ffi] Missing HTTP status
